Date:  22.02.2023 02:52:51  |  Phone не корректный.
Date:  22.02.2023 02:52:51  |  Не установлен флажок для поля agree.
Date:  22.02.2023 02:57:11  |  Phone не корректный.
Date:  22.02.2023 02:57:11  |  Не установлен флажок для поля agree.
Date:  22.02.2023 03:02:15  |  Phone не корректный.
Date:  22.02.2023 03:02:15  |  Не установлен флажок для поля agree.
Date:  22.02.2023 03:02:56  |  Форма успешно отправлена.
Date:  22.02.2023 03:04:52  |  Форма успешно отправлена.
Date:  22.02.2023 09:25:10  |  Форма успешно отправлена.
Date:  22.02.2023 09:25:30  |  Форма успешно отправлена.
Date:  22.02.2023 09:30:11  |  Форма успешно отправлена.
Date:  22.02.2023 09:37:36  |  Не пройдена капча. Указанный код sNjonq не соответствует McGoFH
Date:  22.02.2023 09:37:51  |  Не пройдена капча. Указанный код f0jwKU не соответствует fOjwKU
Date:  22.02.2023 09:38:31  |  Форма успешно отправлена.
Date:  22.02.2023 09:42:05  |  Форма успешно отправлена.
Date:  22.02.2023 10:00:14  |  Форма успешно отправлена.
Date:  22.02.2023 10:03:14  |  Не пройдена капча. Указанный код 4KNrJI не соответствует 4KNrJl
Date:  22.02.2023 10:03:27  |  Форма успешно отправлена.
Date:  22.02.2023 10:13:07  |  Форма успешно отправлена.
Date:  22.02.2023 10:17:31  |  Не пройдена капча. Указанный код 0vj0Mt не соответствует Ovj0Mt
Date:  22.02.2023 10:17:42  |  Форма успешно отправлена.
Date:  22.02.2023 10:19:41  |  Форма успешно отправлена.
Date:  22.02.2023 10:21:19  |  Форма успешно отправлена.
Date:  22.02.2023 10:22:46  |  Не пройдена капча. Указанный код iP3IBf не соответствует iP3lBf
Date:  22.02.2023 10:22:55  |  Форма успешно отправлена.
