=======22.02.2023 22:17=======Имя: Алексей
Email: test@test.com
Сообщение: test test test test test test test test test test test test test test test test test 
=======22.02.2023 22:19=======Имя: Алексей
Email: test@test.com
Сообщение: test test test test test test test test test test test test test test test test test test test test test test test test test test test test 
=======22.02.2023 22:21=======Имя: Алексей
Email: test@test.com
Сообщение: fdngfljlk f jkldfjfk. fjd klfdj lkfjdkl jfdkj lkdfj lkfdj lkjdfkl jldfk 
=======22.02.2023 22:22=======Имя: Алексей
Email: test@test.com
Сообщение: test test test test test test test test test test test test test test test test test test test test test test test test test test test test test test test test test test test test test 
=======23.02.2023 11:01=======Имя: Алексей
Phone: 
Email: test@test.com
Сообщение: fdgdfg sdfdsfds
=======23.02.2023 11:17=======Имя: Алексей
Phone: 89999999999
Email: test@test.com
Сообщение: jhghjghjg
=======23.02.2023 11:38=======
Имя: Алексей
Phone: 89999999999
Email: test@test.com
Сообщение: dgdfgdfgdf
=======23.02.2023 11:39=======
Имя: Алексей
Phone: 89999999999
Email: test@test.com
Сообщение: dgdfgdfgdf
=======23.02.2023 11:39=======
Имя: Алексей
Phone: 82222222222
Email: test@test.com
Сообщение: rfrsfsdfsdfgdsfd
=======23.02.2023 11:42=======
Имя: Алексей
Phone: 85555555555
Email: test@test.com
Сообщение: xcvxcgsdfdsfsdf
=======23.02.2023 11:47=======
Имя: Алексей
Phone: 89999999999
Email: test@test.com
Сообщение: sdfsdfsdfdsf
=======23.02.2023 11:48=======
Имя: Алексей
Phone: 89999999999
Email: test@test.com
Сообщение: sdfsdfsdfdsf
=======23.02.2023 11:51=======
Имя: Алексей
Phone: 89999999999
Email: test@test.com
Сообщение: всмсмвам
